
*** Running xst
    with args -ifn "mojo_top_0.xst" -ofn "mojo_top_0.srp" -intstyle ise

Reading design: mojo_top_0.prj

=========================================================================
*                          HDL Parsing                                  *
=========================================================================
Analyzing Verilog file "C:/Users/77900/OneDrive/Documents/mojo/Game/work/planAhead/Game/Game.srcs/sources_1/imports/verilog/adder_6.v" into library work
Parsing module <adder_6>.
Analyzing Verilog file "C:/Users/77900/OneDrive/Documents/mojo/Game/work/planAhead/Game/Game.srcs/sources_1/imports/verilog/shifter_9.v" into library work
Parsing module <shifter_9>.
Analyzing Verilog file "C:/Users/77900/OneDrive/Documents/mojo/Game/work/planAhead/Game/Game.srcs/sources_1/imports/verilog/multiply_10.v" into library work
Parsing module <multiply_10>.
Analyzing Verilog file "C:/Users/77900/OneDrive/Documents/mojo/Game/work/planAhead/Game/Game.srcs/sources_1/imports/verilog/divide_11.v" into library work
Parsing module <divide_11>.
Analyzing Verilog file "C:/Users/77900/OneDrive/Documents/mojo/Game/work/planAhead/Game/Game.srcs/sources_1/imports/verilog/decoder_5.v" into library work
Parsing module <decoder_5>.
Analyzing Verilog file "C:/Users/77900/OneDrive/Documents/mojo/Game/work/planAhead/Game/Game.srcs/sources_1/imports/verilog/compare_7.v" into library work
Parsing module <compare_7>.
Analyzing Verilog file "C:/Users/77900/OneDrive/Documents/mojo/Game/work/planAhead/Game/Game.srcs/sources_1/imports/verilog/char_4.v" into library work
Parsing module <char_4>.
Analyzing Verilog file "C:/Users/77900/OneDrive/Documents/mojo/Game/work/planAhead/Game/Game.srcs/sources_1/imports/verilog/boolean_8.v" into library work
Parsing module <boolean_8>.
Analyzing Verilog file "C:/Users/77900/OneDrive/Documents/mojo/Game/work/planAhead/Game/Game.srcs/sources_1/imports/verilog/reset_conditioner_1.v" into library work
Parsing module <reset_conditioner_1>.
Analyzing Verilog file "C:/Users/77900/OneDrive/Documents/mojo/Game/work/planAhead/Game/Game.srcs/sources_1/imports/verilog/display_2.v" into library work
Parsing module <display_2>.
Analyzing Verilog file "C:/Users/77900/OneDrive/Documents/mojo/Game/work/planAhead/Game/Game.srcs/sources_1/imports/verilog/alu_3.v" into library work
Parsing module <alu_3>.
Analyzing Verilog file "C:/Users/77900/OneDrive/Documents/mojo/Game/work/planAhead/Game/Game.srcs/sources_1/imports/verilog/mojo_top_0.v" into library work
Parsing module <mojo_top_0>.

=========================================================================
*                            HDL Elaboration                            *
=========================================================================

Elaborating module <mojo_top_0>.

Elaborating module <reset_conditioner_1>.

Elaborating module <display_2>.

Elaborating module <char_4>.

Elaborating module <decoder_5>.

Elaborating module <alu_3>.

Elaborating module <adder_6>.

Elaborating module <compare_7>.
WARNING:HDLCompiler:1127 - "C:/Users/77900/OneDrive/Documents/mojo/Game/work/planAhead/Game/Game.srcs/sources_1/imports/verilog/compare_7.v" Line 27: Assignment to M_adder16_out ignored, since the identifier is never used

Elaborating module <boolean_8>.

Elaborating module <shifter_9>.

Elaborating module <multiply_10>.

Elaborating module <divide_11>.
WARNING:HDLCompiler:413 - "C:/Users/77900/OneDrive/Documents/mojo/Game/work/planAhead/Game/Game.srcs/sources_1/imports/verilog/divide_11.v" Line 17: Result of 58-bit expression is truncated to fit in 16-bit target.

=========================================================================
*                           HDL Synthesis                               *
=========================================================================

Synthesizing Unit <mojo_top_0>.
    Related source file is "C:/Users/77900/OneDrive/Documents/mojo/Game/work/planAhead/Game/Game.srcs/sources_1/imports/verilog/mojo_top_0.v".
WARNING:Xst:647 - Input <io_button<4:3>> is never used. This port will be preserved and left unconnected if it belongs to a top-level block or it belongs to a sub-block and the hierarchy of this sub-block is preserved.
WARNING:Xst:647 - Input <alufn> is never used. This port will be preserved and left unconnected if it belongs to a top-level block or it belongs to a sub-block and the hierarchy of this sub-block is preserved.
WARNING:Xst:647 - Input <cclk> is never used. This port will be preserved and left unconnected if it belongs to a top-level block or it belongs to a sub-block and the hierarchy of this sub-block is preserved.
WARNING:Xst:647 - Input <spi_ss> is never used. This port will be preserved and left unconnected if it belongs to a top-level block or it belongs to a sub-block and the hierarchy of this sub-block is preserved.
WARNING:Xst:647 - Input <spi_mosi> is never used. This port will be preserved and left unconnected if it belongs to a top-level block or it belongs to a sub-block and the hierarchy of this sub-block is preserved.
WARNING:Xst:647 - Input <spi_sck> is never used. This port will be preserved and left unconnected if it belongs to a top-level block or it belongs to a sub-block and the hierarchy of this sub-block is preserved.
WARNING:Xst:647 - Input <avr_tx> is never used. This port will be preserved and left unconnected if it belongs to a top-level block or it belongs to a sub-block and the hierarchy of this sub-block is preserved.
WARNING:Xst:647 - Input <avr_rx_busy> is never used. This port will be preserved and left unconnected if it belongs to a top-level block or it belongs to a sub-block and the hierarchy of this sub-block is preserved.
    Found 16-bit register for signal <M_b_q>.
    Found 2-bit register for signal <M_modes_q>.
    Found 16-bit register for signal <M_a_q>.
    Found finite state machine <FSM_0> for signal <M_modes_q>.
    -----------------------------------------------------------------------
    | States             | 4                                              |
    | Transitions        | 9                                              |
    | Inputs             | 3                                              |
    | Outputs            | 4                                              |
    | Clock              | clk (rising_edge)                              |
    | Reset              | M_reset_cond_out (positive)                    |
    | Reset type         | synchronous                                    |
    | Reset State        | 00                                             |
    | Power Up State     | 00                                             |
    | Encoding           | auto                                           |
    | Implementation     | LUT                                            |
    -----------------------------------------------------------------------
    Found 24-bit 3-to-1 multiplexer for signal <io_led> created at line 98.
    Found 1-bit tristate buffer for signal <spi_miso> created at line 77
    Found 1-bit tristate buffer for signal <spi_channel<3>> created at line 77
    Found 1-bit tristate buffer for signal <spi_channel<2>> created at line 77
    Found 1-bit tristate buffer for signal <spi_channel<1>> created at line 77
    Found 1-bit tristate buffer for signal <spi_channel<0>> created at line 77
    Found 1-bit tristate buffer for signal <avr_rx> created at line 77
    Summary:
	inferred  32 D-type flip-flop(s).
	inferred   1 Multiplexer(s).
	inferred   6 Tristate(s).
	inferred   1 Finite State Machine(s).
Unit <mojo_top_0> synthesized.

Synthesizing Unit <reset_conditioner_1>.
    Related source file is "C:/Users/77900/OneDrive/Documents/mojo/Game/work/planAhead/Game/Game.srcs/sources_1/imports/verilog/reset_conditioner_1.v".
    Found 4-bit register for signal <M_stage_q>.
    Summary:
	inferred   4 D-type flip-flop(s).
Unit <reset_conditioner_1> synthesized.

Synthesizing Unit <display_2>.
    Related source file is "C:/Users/77900/OneDrive/Documents/mojo/Game/work/planAhead/Game/Game.srcs/sources_1/imports/verilog/display_2.v".
    Found 18-bit register for signal <M_ctr_q>.
    Found 5-bit adder for signal <M_ctr_q[17]_GND_3_o_add_1_OUT> created at line 38.
    Found 18-bit adder for signal <M_ctr_d> created at line 42.
    Found 2x3-bit multiplier for signal <n0023> created at line 38.
    Found 39-bit shifter logical right for signal <n0016> created at line 38
    Summary:
	inferred   1 Multiplier(s).
	inferred   2 Adder/Subtractor(s).
	inferred  18 D-type flip-flop(s).
	inferred   1 Combinational logic shifter(s).
Unit <display_2> synthesized.

Synthesizing Unit <char_4>.
    Related source file is "C:/Users/77900/OneDrive/Documents/mojo/Game/work/planAhead/Game/Game.srcs/sources_1/imports/verilog/char_4.v".
    Found 32x7-bit Read Only RAM for signal <segs>
    Summary:
	inferred   1 RAM(s).
Unit <char_4> synthesized.

Synthesizing Unit <decoder_5>.
    Related source file is "C:/Users/77900/OneDrive/Documents/mojo/Game/work/planAhead/Game/Game.srcs/sources_1/imports/verilog/decoder_5.v".
    Summary:
	no macro.
Unit <decoder_5> synthesized.

Synthesizing Unit <alu_3>.
    Related source file is "C:/Users/77900/OneDrive/Documents/mojo/Game/work/planAhead/Game/Game.srcs/sources_1/imports/verilog/alu_3.v".
    Found 16-bit adder for signal <M_adder16_out[15]_GND_7_o_add_0_OUT> created at line 112.
    Found 16-bit adder for signal <M_boolean16_out[15]_GND_7_o_add_1_OUT> created at line 115.
    Found 16-bit adder for signal <M_shifter16_out[15]_GND_7_o_add_2_OUT> created at line 118.
    Found 16-bit adder for signal <M_compare16_out[15]_GND_7_o_add_3_OUT> created at line 121.
    Found 16-bit adder for signal <M_multiply16_out[15]_GND_7_o_add_4_OUT> created at line 124.
    Found 16-bit adder for signal <M_divide16_out[15]_GND_7_o_add_5_OUT> created at line 127.
    Found 16-bit 8-to-1 multiplexer for signal <out> created at line 110.
    Summary:
	inferred   1 Adder/Subtractor(s).
	inferred  11 Multiplexer(s).
Unit <alu_3> synthesized.

Synthesizing Unit <adder_6>.
    Related source file is "C:/Users/77900/OneDrive/Documents/mojo/Game/work/planAhead/Game/Game.srcs/sources_1/imports/verilog/adder_6.v".
WARNING:Xst:647 - Input <alufn<6:1>> is never used. This port will be preserved and left unconnected if it belongs to a top-level block or it belongs to a sub-block and the hierarchy of this sub-block is preserved.
    Found 16-bit adder for signal <a[15]_b[15]_add_1_OUT> created at line 26.
    Found 16-bit adder for signal <n0036> created at line 29.
    Found 16-bit adder for signal <a[15]_GND_8_o_add_4_OUT> created at line 29.
    Summary:
	inferred   2 Adder/Subtractor(s).
	inferred   3 Multiplexer(s).
Unit <adder_6> synthesized.

Synthesizing Unit <compare_7>.
    Related source file is "C:/Users/77900/OneDrive/Documents/mojo/Game/work/planAhead/Game/Game.srcs/sources_1/imports/verilog/compare_7.v".
WARNING:Xst:647 - Input <alufn<0:0>> is never used. This port will be preserved and left unconnected if it belongs to a top-level block or it belongs to a sub-block and the hierarchy of this sub-block is preserved.
WARNING:Xst:647 - Input <alufn<6:3>> is never used. This port will be preserved and left unconnected if it belongs to a top-level block or it belongs to a sub-block and the hierarchy of this sub-block is preserved.
INFO:Xst:3210 - "C:/Users/77900/OneDrive/Documents/mojo/Game/work/planAhead/Game/Game.srcs/sources_1/imports/verilog/compare_7.v" line 23: Output port <out> of the instance <adder16> is unconnected or connected to loadless signal.
    Found 16-bit 4-to-1 multiplexer for signal <out> created at line 48.
    Found 1-bit 3-to-1 multiplexer for signal <alufn[2]_M_adder16_z[0]_Mux_4_o> created at line 48.
WARNING:Xst:737 - Found 1-bit latch for signal <out<0>>. Latches may be generated from incomplete case or if statements. We do not recommend the use of latches in FPGA/CPLD designs, as they may lead to timing problems.
    Summary:
	inferred   1 Latch(s).
	inferred   2 Multiplexer(s).
Unit <compare_7> synthesized.

Synthesizing Unit <boolean_8>.
    Related source file is "C:/Users/77900/OneDrive/Documents/mojo/Game/work/planAhead/Game/Game.srcs/sources_1/imports/verilog/boolean_8.v".
WARNING:Xst:647 - Input <alufn<6:4>> is never used. This port will be preserved and left unconnected if it belongs to a top-level block or it belongs to a sub-block and the hierarchy of this sub-block is preserved.
    Found 16-bit 14-to-1 multiplexer for signal <out> created at line 11.
    Summary:
	inferred   1 Multiplexer(s).
Unit <boolean_8> synthesized.

Synthesizing Unit <shifter_9>.
    Related source file is "C:/Users/77900/OneDrive/Documents/mojo/Game/work/planAhead/Game/Game.srcs/sources_1/imports/verilog/shifter_9.v".
WARNING:Xst:647 - Input <alufn<6:2>> is never used. This port will be preserved and left unconnected if it belongs to a top-level block or it belongs to a sub-block and the hierarchy of this sub-block is preserved.
WARNING:Xst:647 - Input <b<15:4>> is never used. This port will be preserved and left unconnected if it belongs to a top-level block or it belongs to a sub-block and the hierarchy of this sub-block is preserved.
    Found 16-bit shifter logical left for signal <a[15]_b[3]_shift_left_0_OUT> created at line 20
    Found 16-bit shifter logical right for signal <a[15]_b[3]_shift_right_1_OUT> created at line 23
    Found 16-bit shifter arithmetic right for signal <a[15]_b[3]_shift_right_2_OUT> created at line 26
    Found 16-bit 4-to-1 multiplexer for signal <out> created at line 18.
    Summary:
	inferred   1 Multiplexer(s).
	inferred   3 Combinational logic shifter(s).
Unit <shifter_9> synthesized.

Synthesizing Unit <multiply_10>.
    Related source file is "C:/Users/77900/OneDrive/Documents/mojo/Game/work/planAhead/Game/Game.srcs/sources_1/imports/verilog/multiply_10.v".
    Found 16x16-bit multiplier for signal <n0003> created at line 16.
    Summary:
	inferred   1 Multiplier(s).
Unit <multiply_10> synthesized.

Synthesizing Unit <divide_11>.
    Related source file is "C:/Users/77900/OneDrive/Documents/mojo/Game/work/planAhead/Game/Game.srcs/sources_1/imports/verilog/divide_11.v".
    Summary:
	inferred   1 Multiplexer(s).
Unit <divide_11> synthesized.

Synthesizing Unit <div_16u_16u>.
    Related source file is "".
    Found 32-bit adder for signal <n0956> created at line 0.
    Found 32-bit adder for signal <GND_16_o_b[15]_add_1_OUT> created at line 0.
    Found 31-bit adder for signal <n0960> created at line 0.
    Found 31-bit adder for signal <GND_16_o_b[15]_add_3_OUT> created at line 0.
    Found 30-bit adder for signal <n0964> created at line 0.
    Found 30-bit adder for signal <GND_16_o_b[15]_add_5_OUT> created at line 0.
    Found 29-bit adder for signal <n0968> created at line 0.
    Found 29-bit adder for signal <GND_16_o_b[15]_add_7_OUT> created at line 0.
    Found 28-bit adder for signal <n0972> created at line 0.
    Found 28-bit adder for signal <GND_16_o_b[15]_add_9_OUT> created at line 0.
    Found 27-bit adder for signal <n0976> created at line 0.
    Found 27-bit adder for signal <GND_16_o_b[15]_add_11_OUT> created at line 0.
    Found 26-bit adder for signal <n0980> created at line 0.
    Found 26-bit adder for signal <GND_16_o_b[15]_add_13_OUT> created at line 0.
    Found 25-bit adder for signal <n0984> created at line 0.
    Found 25-bit adder for signal <GND_16_o_b[15]_add_15_OUT> created at line 0.
    Found 24-bit adder for signal <n0988> created at line 0.
    Found 24-bit adder for signal <GND_16_o_b[15]_add_17_OUT> created at line 0.
    Found 23-bit adder for signal <n0992> created at line 0.
    Found 23-bit adder for signal <GND_16_o_b[15]_add_19_OUT> created at line 0.
    Found 22-bit adder for signal <n0996> created at line 0.
    Found 22-bit adder for signal <GND_16_o_b[15]_add_21_OUT> created at line 0.
    Found 21-bit adder for signal <n1000> created at line 0.
    Found 21-bit adder for signal <GND_16_o_b[15]_add_23_OUT> created at line 0.
    Found 20-bit adder for signal <n1004> created at line 0.
    Found 20-bit adder for signal <GND_16_o_b[15]_add_25_OUT> created at line 0.
    Found 19-bit adder for signal <n1008> created at line 0.
    Found 19-bit adder for signal <GND_16_o_b[15]_add_27_OUT> created at line 0.
    Found 18-bit adder for signal <n1012> created at line 0.
    Found 18-bit adder for signal <GND_16_o_b[15]_add_29_OUT> created at line 0.
    Found 17-bit adder for signal <n1016> created at line 0.
    Found 17-bit adder for signal <GND_16_o_b[15]_add_31_OUT> created at line 0.
    Found 32-bit comparator lessequal for signal <BUS_0001> created at line 0
    Found 31-bit comparator lessequal for signal <BUS_0002> created at line 0
    Found 30-bit comparator lessequal for signal <BUS_0003> created at line 0
    Found 29-bit comparator lessequal for signal <BUS_0004> created at line 0
    Found 28-bit comparator lessequal for signal <BUS_0005> created at line 0
    Found 27-bit comparator lessequal for signal <BUS_0006> created at line 0
    Found 26-bit comparator lessequal for signal <BUS_0007> created at line 0
    Found 25-bit comparator lessequal for signal <BUS_0008> created at line 0
    Found 24-bit comparator lessequal for signal <BUS_0009> created at line 0
    Found 23-bit comparator lessequal for signal <BUS_0010> created at line 0
    Found 22-bit comparator lessequal for signal <BUS_0011> created at line 0
    Found 21-bit comparator lessequal for signal <BUS_0012> created at line 0
    Found 20-bit comparator lessequal for signal <BUS_0013> created at line 0
    Found 19-bit comparator lessequal for signal <BUS_0014> created at line 0
    Found 18-bit comparator lessequal for signal <BUS_0015> created at line 0
    Found 17-bit comparator lessequal for signal <BUS_0016> created at line 0
    Found 16-bit comparator lessequal for signal <BUS_0017> created at line 0
    Summary:
	inferred  32 Adder/Subtractor(s).
	inferred  17 Comparator(s).
	inferred 241 Multiplexer(s).
Unit <div_16u_16u> synthesized.

=========================================================================
HDL Synthesis Report

Macro Statistics
# RAMs                                                 : 1
 32x7-bit single-port Read Only RAM                    : 1
# Multipliers                                          : 2
 16x16-bit multiplier                                  : 1
 3x2-bit multiplier                                    : 1
# Adders/Subtractors                                   : 39
 16-bit adder                                          : 5
 17-bit adder                                          : 2
 18-bit adder                                          : 3
 19-bit adder                                          : 2
 20-bit adder                                          : 2
 21-bit adder                                          : 2
 22-bit adder                                          : 2
 23-bit adder                                          : 2
 24-bit adder                                          : 2
 25-bit adder                                          : 2
 26-bit adder                                          : 2
 27-bit adder                                          : 2
 28-bit adder                                          : 2
 29-bit adder                                          : 2
 30-bit adder                                          : 2
 31-bit adder                                          : 2
 32-bit adder                                          : 2
 5-bit adder                                           : 1
# Registers                                            : 4
 16-bit register                                       : 2
 18-bit register                                       : 1
 4-bit register                                        : 1
# Latches                                              : 1
 1-bit latch                                           : 1
# Comparators                                          : 17
 16-bit comparator lessequal                           : 1
 17-bit comparator lessequal                           : 1
 18-bit comparator lessequal                           : 1
 19-bit comparator lessequal                           : 1
 20-bit comparator lessequal                           : 1
 21-bit comparator lessequal                           : 1
 22-bit comparator lessequal                           : 1
 23-bit comparator lessequal                           : 1
 24-bit comparator lessequal                           : 1
 25-bit comparator lessequal                           : 1
 26-bit comparator lessequal                           : 1
 27-bit comparator lessequal                           : 1
 28-bit comparator lessequal                           : 1
 29-bit comparator lessequal                           : 1
 30-bit comparator lessequal                           : 1
 31-bit comparator lessequal                           : 1
 32-bit comparator lessequal                           : 1
# Multiplexers                                         : 264
 1-bit 2-to-1 multiplexer                              : 240
 1-bit 3-to-1 multiplexer                              : 1
 16-bit 14-to-1 multiplexer                            : 1
 16-bit 2-to-1 multiplexer                             : 19
 16-bit 4-to-1 multiplexer                             : 2
 24-bit 3-to-1 multiplexer                             : 1
# Logic shifters                                       : 4
 16-bit shifter arithmetic right                       : 1
 16-bit shifter logical left                           : 1
 16-bit shifter logical right                          : 1
 39-bit shifter logical right                          : 1
# Tristates                                            : 6
 1-bit tristate buffer                                 : 6
# FSMs                                                 : 1
# Xors                                                 : 2
 1-bit xor2                                            : 1
 16-bit xor2                                           : 1

=========================================================================
INFO:Xst:1767 - HDL ADVISOR - Resource sharing has identified that some arithmetic operations in this design can share the same physical resources for reduced device utilization. For improved clock frequency you may try to disable resource sharing.

=========================================================================
*                       Advanced HDL Synthesis                          *
=========================================================================


Synthesizing (advanced) Unit <char_4>.
INFO:Xst:3218 - HDL ADVISOR - The RAM <Mram_segs> will be implemented on LUTs either because you have described an asynchronous read or because of currently unsupported block RAM features. If you have described an asynchronous read, making it synchronous would allow you to take advantage of available block RAM resources, for optimized device usage and improved timings. Please refer to your documentation for coding guidelines.
    -----------------------------------------------------------------------
    | ram_type           | Distributed                         |          |
    -----------------------------------------------------------------------
    | Port A                                                              |
    |     aspect ratio   | 32-word x 7-bit                     |          |
    |     weA            | connected to signal <GND>           | high     |
    |     addrA          | connected to signal <char>          |          |
    |     diA            | connected to signal <GND>           |          |
    |     doA            | connected to signal <segs>          |          |
    -----------------------------------------------------------------------
Unit <char_4> synthesized (advanced).

Synthesizing (advanced) Unit <display_2>.
The following registers are absorbed into counter <M_ctr_q>: 1 register on signal <M_ctr_q>.
	Multiplier <Mmult_n0023> in block <display_2> and adder/subtractor <Madd_M_ctr_q[17]_GND_3_o_add_1_OUT> in block <display_2> are combined into a MAC<Maddsub_n0023>.
Unit <display_2> synthesized (advanced).

=========================================================================
Advanced HDL Synthesis Report

Macro Statistics
# RAMs                                                 : 1
 32x7-bit single-port distributed Read Only RAM        : 1
# MACs                                                 : 1
 3x2-to-5-bit MAC                                      : 1
# Multipliers                                          : 1
 16x16-bit multiplier                                  : 1
# Adders/Subtractors                                   : 21
 16-bit adder                                          : 5
 16-bit adder carry in                                 : 16
# Counters                                             : 1
 18-bit up counter                                     : 1
# Registers                                            : 36
 Flip-Flops                                            : 36
# Comparators                                          : 17
 16-bit comparator lessequal                           : 1
 17-bit comparator lessequal                           : 1
 18-bit comparator lessequal                           : 1
 19-bit comparator lessequal                           : 1
 20-bit comparator lessequal                           : 1
 21-bit comparator lessequal                           : 1
 22-bit comparator lessequal                           : 1
 23-bit comparator lessequal                           : 1
 24-bit comparator lessequal                           : 1
 25-bit comparator lessequal                           : 1
 26-bit comparator lessequal                           : 1
 27-bit comparator lessequal                           : 1
 28-bit comparator lessequal                           : 1
 29-bit comparator lessequal                           : 1
 30-bit comparator lessequal                           : 1
 31-bit comparator lessequal                           : 1
 32-bit comparator lessequal                           : 1
# Multiplexers                                         : 264
 1-bit 2-to-1 multiplexer                              : 240
 1-bit 3-to-1 multiplexer                              : 1
 16-bit 14-to-1 multiplexer                            : 1
 16-bit 2-to-1 multiplexer                             : 19
 16-bit 4-to-1 multiplexer                             : 2
 24-bit 3-to-1 multiplexer                             : 1
# Logic shifters                                       : 4
 16-bit shifter arithmetic right                       : 1
 16-bit shifter logical left                           : 1
 16-bit shifter logical right                          : 1
 39-bit shifter logical right                          : 1
# FSMs                                                 : 1
# Xors                                                 : 2
 1-bit xor2                                            : 1
 16-bit xor2                                           : 1

=========================================================================

=========================================================================
*                         Low Level Synthesis                           *
=========================================================================
Analyzing FSM <MFsm> for best encoding.
Optimizing FSM <FSM_0> on signal <M_modes_q[1:2]> with user encoding.
-------------------
 State | Encoding
-------------------
 00    | 00
 11    | 11
 01    | 01
 10    | 10
-------------------

Optimizing unit <mojo_top_0> ...

Optimizing unit <alu_3> ...

Optimizing unit <adder_6> ...

Optimizing unit <boolean_8> ...

Optimizing unit <div_16u_16u> ...

Mapping all equations...
Building and optimizing final netlist ...
Found area constraint ratio of 100 (+ 0) on block mojo_top_0, actual ratio is 16.
FlipFlop M_b_q_0 has been replicated 1 time(s)
INFO:Xst:1843 - HDL ADVISOR - FlipFlop M_b_q_0 connected to a primary input has been replicated
FlipFlop M_b_q_1 has been replicated 1 time(s)
INFO:Xst:1843 - HDL ADVISOR - FlipFlop M_b_q_1 connected to a primary input has been replicated
FlipFlop M_b_q_2 has been replicated 1 time(s)
INFO:Xst:1843 - HDL ADVISOR - FlipFlop M_b_q_2 connected to a primary input has been replicated
FlipFlop M_b_q_3 has been replicated 1 time(s)
INFO:Xst:1843 - HDL ADVISOR - FlipFlop M_b_q_3 connected to a primary input has been replicated
FlipFlop M_modes_q_FSM_FFd1 has been replicated 2 time(s)
FlipFlop M_modes_q_FSM_FFd2 has been replicated 2 time(s)
FlipFlop reset_cond/M_stage_q_3 has been replicated 1 time(s)

Final Macro Processing ...

=========================================================================
Final Register Report

Macro Statistics
# Registers                                            : 65
 Flip-Flops                                            : 65

=========================================================================

=========================================================================
*                           Partition Report                            *
=========================================================================

Partition Implementation Status
-------------------------------

  No Partitions were found in this design.

-------------------------------

=========================================================================
*                            Design Summary                             *
=========================================================================

Clock Information:
------------------
---------------------------------------------------------------------------------------+-------------------------------+-------+
Clock Signal                                                                           | Clock buffer(FF name)         | Load  |
---------------------------------------------------------------------------------------+-------------------------------+-------+
clk                                                                                    | BUFGP                         | 66    |
alu16/compare16/alufn[2]_PWR_10_o_Mux_5_o(alu16/compare16/alufn[2]_PWR_10_o_Mux_5_o1:O)| NONE(*)(alu16/compare16/out_0)| 1     |
---------------------------------------------------------------------------------------+-------------------------------+-------+
(*) This 1 clock signal(s) are generated by combinatorial logic,
and XST is not able to identify which are the primary clock signals.
Please use the CLOCK_SIGNAL constraint to specify the clock signal(s) generated by combinatorial logic.
INFO:Xst:2169 - HDL ADVISOR - Some clock signals were not automatically buffered by XST with BUFG/BUFR resources. Please use the buffer_type constraint in order to insert these buffers to the clock signals to help prevent skew problems.

Asynchronous Control Signals Information:
----------------------------------------
No asynchronous control signals found in this design

Timing Summary:
---------------
Speed Grade: -2

   Minimum period: 2.944ns (Maximum Frequency: 339.674MHz)
   Minimum input arrival time before clock: 3.563ns
   Maximum output required time after clock: 69.408ns
   Maximum combinational path delay: 14.200ns

=========================================================================
